[PID=1698][Sun Mar 14 22:54:30 2021] Error : -262147(eBADHASHKEY_BFM) in edubfm_AllocTrain.c:122
[PID=1698][Sun Mar 14 22:54:30 2021] Error : -262147(eBADHASHKEY_BFM) in EduBfM_GetTrain.c:106
[PID=1698][Sun Mar 14 22:54:30 2021] Error : -262147(eBADHASHKEY_BFM) in EduBfM_Test.c:116
[PID=1698][Sun Mar 14 22:54:30 2021] Error : -589829(eNOLOGGEDTRANSACTION_RM) in RM_Transaction.c:311
[PID=1698][Sun Mar 14 22:54:30 2021] Error : -589829(eNOLOGGEDTRANSACTION_RM) in SM_Transaction.c:258
[PID=1698][Sun Mar 14 22:54:30 2021] Error : -589829(eNOLOGGEDTRANSACTION_RM) in SM_ThinLayer.c:761
[PID=1698][Sun Mar 14 22:54:30 2021] Error : -589829(eNOLOGGEDTRANSACTION_RM) in LRDS_Transaction.c:133
[PID=1824][Sun Mar 14 22:58:07 2021] Error : -262147(eBADHASHKEY_BFM) in edubfm_AllocTrain.c:122
[PID=1824][Sun Mar 14 22:58:07 2021] Error : -262147(eBADHASHKEY_BFM) in EduBfM_GetTrain.c:108
[PID=1824][Sun Mar 14 22:58:07 2021] Error : -262147(eBADHASHKEY_BFM) in EduBfM_Test.c:116
[PID=1824][Sun Mar 14 22:58:07 2021] Error : -589829(eNOLOGGEDTRANSACTION_RM) in RM_Transaction.c:311
[PID=1824][Sun Mar 14 22:58:07 2021] Error : -589829(eNOLOGGEDTRANSACTION_RM) in SM_Transaction.c:258
[PID=1824][Sun Mar 14 22:58:07 2021] Error : -589829(eNOLOGGEDTRANSACTION_RM) in SM_ThinLayer.c:761
[PID=1824][Sun Mar 14 22:58:07 2021] Error : -589829(eNOLOGGEDTRANSACTION_RM) in LRDS_Transaction.c:133
[PID=1894][Sun Mar 14 22:58:47 2021] Error : -262147(eBADHASHKEY_BFM) in edubfm_AllocTrain.c:122
[PID=1894][Sun Mar 14 22:58:47 2021] Error : -262147(eBADHASHKEY_BFM) in EduBfM_GetTrain.c:108
[PID=1894][Sun Mar 14 22:58:47 2021] Error : -262147(eBADHASHKEY_BFM) in EduBfM_Test.c:116
[PID=1894][Sun Mar 14 22:58:47 2021] Error : -589829(eNOLOGGEDTRANSACTION_RM) in RM_Transaction.c:311
[PID=1894][Sun Mar 14 22:58:47 2021] Error : -589829(eNOLOGGEDTRANSACTION_RM) in SM_Transaction.c:258
[PID=1894][Sun Mar 14 22:58:47 2021] Error : -589829(eNOLOGGEDTRANSACTION_RM) in SM_ThinLayer.c:761
[PID=1894][Sun Mar 14 22:58:47 2021] Error : -589829(eNOLOGGEDTRANSACTION_RM) in LRDS_Transaction.c:133
[PID=1964][Sun Mar 14 22:59:21 2021] Error : -262147(eBADHASHKEY_BFM) in edubfm_AllocTrain.c:122
[PID=1964][Sun Mar 14 22:59:21 2021] Error : -262147(eBADHASHKEY_BFM) in EduBfM_GetTrain.c:108
[PID=1964][Sun Mar 14 22:59:21 2021] Error : -262147(eBADHASHKEY_BFM) in EduBfM_Test.c:116
[PID=1964][Sun Mar 14 22:59:21 2021] Error : -589829(eNOLOGGEDTRANSACTION_RM) in RM_Transaction.c:311
[PID=1964][Sun Mar 14 22:59:21 2021] Error : -589829(eNOLOGGEDTRANSACTION_RM) in SM_Transaction.c:258
[PID=1964][Sun Mar 14 22:59:21 2021] Error : -589829(eNOLOGGEDTRANSACTION_RM) in SM_ThinLayer.c:761
[PID=1964][Sun Mar 14 22:59:21 2021] Error : -589829(eNOLOGGEDTRANSACTION_RM) in LRDS_Transaction.c:133
[PID=2117][Sun Mar 14 23:05:43 2021] Error : -262147(eBADHASHKEY_BFM) in edubfm_AllocTrain.c:124
[PID=2117][Sun Mar 14 23:05:43 2021] Error : -262147(eBADHASHKEY_BFM) in EduBfM_GetTrain.c:108
[PID=2117][Sun Mar 14 23:05:43 2021] Error : -262147(eBADHASHKEY_BFM) in EduBfM_Test.c:116
[PID=2117][Sun Mar 14 23:05:43 2021] Error : -589829(eNOLOGGEDTRANSACTION_RM) in RM_Transaction.c:311
[PID=2117][Sun Mar 14 23:05:43 2021] Error : -589829(eNOLOGGEDTRANSACTION_RM) in SM_Transaction.c:258
[PID=2117][Sun Mar 14 23:05:43 2021] Error : -589829(eNOLOGGEDTRANSACTION_RM) in SM_ThinLayer.c:761
[PID=2117][Sun Mar 14 23:05:43 2021] Error : -589829(eNOLOGGEDTRANSACTION_RM) in LRDS_Transaction.c:133
[PID=2240][Sun Mar 14 23:08:15 2021] Error : -262147(eBADHASHKEY_BFM) in edubfm_AllocTrain.c:122
[PID=2240][Sun Mar 14 23:08:15 2021] Error : -262147(eBADHASHKEY_BFM) in EduBfM_GetTrain.c:106
[PID=2240][Sun Mar 14 23:08:15 2021] Error : -262147(eBADHASHKEY_BFM) in EduBfM_Test.c:116
[PID=2240][Sun Mar 14 23:08:15 2021] Error : -589829(eNOLOGGEDTRANSACTION_RM) in RM_Transaction.c:311
[PID=2240][Sun Mar 14 23:08:15 2021] Error : -589829(eNOLOGGEDTRANSACTION_RM) in SM_Transaction.c:258
[PID=2240][Sun Mar 14 23:08:15 2021] Error : -589829(eNOLOGGEDTRANSACTION_RM) in SM_ThinLayer.c:761
[PID=2240][Sun Mar 14 23:08:15 2021] Error : -589829(eNOLOGGEDTRANSACTION_RM) in LRDS_Transaction.c:133
[PID=2400][Sun Mar 14 23:10:59 2021] Error : -262147(eBADHASHKEY_BFM) in edubfm_AllocTrain.c:122
[PID=2400][Sun Mar 14 23:10:59 2021] Error : -262147(eBADHASHKEY_BFM) in EduBfM_GetTrain.c:106
[PID=2400][Sun Mar 14 23:10:59 2021] Error : -262147(eBADHASHKEY_BFM) in EduBfM_Test.c:116
[PID=2400][Sun Mar 14 23:10:59 2021] Error : -589829(eNOLOGGEDTRANSACTION_RM) in RM_Transaction.c:311
[PID=2400][Sun Mar 14 23:10:59 2021] Error : -589829(eNOLOGGEDTRANSACTION_RM) in SM_Transaction.c:258
[PID=2400][Sun Mar 14 23:10:59 2021] Error : -589829(eNOLOGGEDTRANSACTION_RM) in SM_ThinLayer.c:761
[PID=2400][Sun Mar 14 23:10:59 2021] Error : -589829(eNOLOGGEDTRANSACTION_RM) in LRDS_Transaction.c:133
[PID=2476][Sun Mar 14 23:11:42 2021] Error : -262147(eBADHASHKEY_BFM) in edubfm_AllocTrain.c:123
[PID=2476][Sun Mar 14 23:11:42 2021] Error : -262147(eBADHASHKEY_BFM) in EduBfM_GetTrain.c:106
[PID=2476][Sun Mar 14 23:11:42 2021] Error : -262147(eBADHASHKEY_BFM) in EduBfM_Test.c:116
[PID=2476][Sun Mar 14 23:11:42 2021] Error : -589829(eNOLOGGEDTRANSACTION_RM) in RM_Transaction.c:311
[PID=2476][Sun Mar 14 23:11:42 2021] Error : -589829(eNOLOGGEDTRANSACTION_RM) in SM_Transaction.c:258
[PID=2476][Sun Mar 14 23:11:42 2021] Error : -589829(eNOLOGGEDTRANSACTION_RM) in SM_ThinLayer.c:761
[PID=2476][Sun Mar 14 23:11:42 2021] Error : -589829(eNOLOGGEDTRANSACTION_RM) in LRDS_Transaction.c:133
[PID=2531][Sun Mar 14 23:12:29 2021] Error : -262147(eBADHASHKEY_BFM) in edubfm_AllocTrain.c:123
[PID=2531][Sun Mar 14 23:12:29 2021] Error : -262147(eBADHASHKEY_BFM) in EduBfM_GetTrain.c:106
[PID=2531][Sun Mar 14 23:12:29 2021] Error : -262147(eBADHASHKEY_BFM) in EduBfM_Test.c:116
[PID=2531][Sun Mar 14 23:12:29 2021] Error : -589829(eNOLOGGEDTRANSACTION_RM) in RM_Transaction.c:311
[PID=2531][Sun Mar 14 23:12:29 2021] Error : -589829(eNOLOGGEDTRANSACTION_RM) in SM_Transaction.c:258
[PID=2531][Sun Mar 14 23:12:29 2021] Error : -589829(eNOLOGGEDTRANSACTION_RM) in SM_ThinLayer.c:761
[PID=2531][Sun Mar 14 23:12:29 2021] Error : -589829(eNOLOGGEDTRANSACTION_RM) in LRDS_Transaction.c:133
[PID=2598][Sun Mar 14 23:12:48 2021] Error : -262147(eBADHASHKEY_BFM) in edubfm_AllocTrain.c:123
[PID=2598][Sun Mar 14 23:12:48 2021] Error : -262147(eBADHASHKEY_BFM) in EduBfM_GetTrain.c:106
[PID=2598][Sun Mar 14 23:12:48 2021] Error : -262147(eBADHASHKEY_BFM) in EduBfM_Test.c:116
[PID=2598][Sun Mar 14 23:12:48 2021] Error : -589829(eNOLOGGEDTRANSACTION_RM) in RM_Transaction.c:311
[PID=2598][Sun Mar 14 23:12:48 2021] Error : -589829(eNOLOGGEDTRANSACTION_RM) in SM_Transaction.c:258
[PID=2598][Sun Mar 14 23:12:48 2021] Error : -589829(eNOLOGGEDTRANSACTION_RM) in SM_ThinLayer.c:761
[PID=2598][Sun Mar 14 23:12:48 2021] Error : -589829(eNOLOGGEDTRANSACTION_RM) in LRDS_Transaction.c:133
